  % Total    % Received % Xferd  Average Speed   Time    Time     Time  Current
                                 Dload  Upload   Total   Spent    Left  Speed
  0     0    0     0    0     0      0      0 --:--:-- --:--:-- --:--:--     0*   Trying 3.131.90.127:80...
* Connected to ec2-3-131-90-127.us-east-2.compute.amazonaws.com (3.131.90.127) port 80 (#0)
> GET /accounts/login/ HTTP/1.1
> Host: ec2-3-131-90-127.us-east-2.compute.amazonaws.com
> User-Agent: curl/7.81.0
> Accept: */*
> 
* Mark bundle as not supporting multiuse
< HTTP/1.1 200 OK
< Server: nginx/1.18.0 (Ubuntu)
< Date: Mon, 30 Jan 2023 02:21:53 GMT
< Content-Type: text/html; charset=utf-8
< Content-Length: 800
< Connection: keep-alive
< 
{ [800 bytes data]
100   800  100   800    0     0  14117      0 --:--:-- --:--:-- --:--:-- 14285
* Connection #0 to host ec2-3-131-90-127.us-east-2.compute.amazonaws.com left intact
